<?xml version="1.0" encoding="UTF-8"?>
<!-- Generated by org.testng.reporters.JUnitReportReporter -->
<testsuite skipped="0" hostname="DESKTOP-L875C3M" name="scripts.VerifyLoginTest" tests="2" failures="0" timestamp="16 Jun 2022 11:31:42 GMT" time="9.761" errors="0">
  <testcase name="verifyLoginAffirmative" time="6.185" classname="scripts.VerifyLoginTest"/>
  <testcase name="verifyLoginNegative" time="3.576" classname="scripts.VerifyLoginTest"/>
</testsuite> <!-- scripts.VerifyLoginTest -->
