<?xml version="1.0" encoding="UTF-8"?>
<!-- Generated by org.testng.reporters.JUnitReportReporter -->
<testsuite skipped="0" hostname="DESKTOP-L875C3M" name="scripts.VerifyCartProductTest" tests="4" failures="0" timestamp="16 Jun 2022 11:31:42 GMT" time="26.859" errors="0">
  <testcase name="verifyFinalOrderPlaced" time="12.496" classname="scripts.VerifyCartProductTest"/>
  <testcase name="VerifyCheckoutBillingAddress" time="4.546" classname="scripts.VerifyCartProductTest"/>
  <testcase name="verifyAddedProductsInUserCart" time="7.881" classname="scripts.VerifyCartProductTest"/>
  <testcase name="verifyFinalPriceOfAddedProducts" time="1.936" classname="scripts.VerifyCartProductTest"/>
</testsuite> <!-- scripts.VerifyCartProductTest -->
