<?xml version="1.0" encoding="UTF-8"?>
<!-- Generated by org.testng.reporters.JUnitReportReporter -->
<testsuite skipped="0" hostname="DESKTOP-L875C3M" name="scripts.VerifyLoginTest" tests="2" failures="0" timestamp="31 May 2022 15:36:13 GMT" time="10.288" errors="0">
  <testcase name="verifyLoginAffirmative" time="6.852" classname="scripts.VerifyLoginTest"/>
  <testcase name="verifyLoginNegative" time="3.436" classname="scripts.VerifyLoginTest"/>
</testsuite> <!-- scripts.VerifyLoginTest -->
