<?xml version="1.0" encoding="UTF-8"?>
<!-- Generated by org.testng.reporters.JUnitReportReporter -->
<testsuite skipped="0" hostname="DESKTOP-L875C3M" name="scripts.VerifyRegisterationTest" tests="2" failures="0" timestamp="16 Jun 2022 11:31:42 GMT" time="15.796" errors="0">
  <testcase name="verifyRegisterationAffirmative" time="11.160" classname="scripts.VerifyRegisterationTest"/>
  <testcase name="verifyRegisterationNegative" time="4.636" classname="scripts.VerifyRegisterationTest"/>
</testsuite> <!-- scripts.VerifyRegisterationTest -->
