<?xml version="1.0" encoding="UTF-8"?>
<!-- Generated by org.testng.reporters.JUnitReportReporter -->
<testsuite skipped="0" hostname="DESKTOP-L875C3M" name="scripts.VerifyCartProductTest" tests="4" failures="0" timestamp="23 May 2022 18:52:26 GMT" time="34.764" errors="0">
  <testcase name="verifyAddedProductsInUserCart" time="7.110" classname="scripts.VerifyCartProductTest"/>
  <testcase name="VerifyCheckoutBillingAddress" time="4.281" classname="scripts.VerifyCartProductTest"/>
  <testcase name="verifyFinalPriceOfAddedProducts" time="1.896" classname="scripts.VerifyCartProductTest"/>
  <testcase name="verifyFinalOrderPlaced" time="21.477" classname="scripts.VerifyCartProductTest"/>
</testsuite> <!-- scripts.VerifyCartProductTest -->
